{"C:\\Users\\Acer\\Projects\\Feedback App\\backend\\app.js": {"path":"C:\\Users\\Acer\\Projects\\Feedback App\\backend\\app.js","statementMap":{"0":{"start":{"line":1,"column":16},"end":{"line":1,"column":34}},"1":{"start":{"line":2,"column":0},"end":{"line":2,"column":26}},"2":{"start":{"line":4,"column":12},"end":{"line":4,"column":21}},"3":{"start":{"line":5,"column":17},"end":{"line":5,"column":36}},"4":{"start":{"line":6,"column":17},"end":{"line":6,"column":45}},"5":{"start":{"line":7,"column":13},"end":{"line":7,"column":37}},"6":{"start":{"line":8,"column":13},"end":{"line":8,"column":42}},"7":{"start":{"line":9,"column":21},"end":{"line":9,"column":58}},"8":{"start":{"line":10,"column":15},"end":{"line":10,"column":40}},"9":{"start":{"line":11,"column":15},"end":{"line":11,"column":40}},"10":{"start":{"line":13,"column":0},"end":{"line":16,"column":4}},"11":{"start":{"line":15,"column":4},"end":{"line":15,"column":39}},"12":{"start":{"line":18,"column":0},"end":{"line":18,"column":23}},"13":{"start":{"line":19,"column":0},"end":{"line":19,"column":13}},"14":{"start":{"line":20,"column":0},"end":{"line":20,"column":30}},"15":{"start":{"line":21,"column":0},"end":{"line":21,"column":22}},"16":{"start":{"line":22,"column":0},"end":{"line":22,"column":33}},"17":{"start":{"line":23,"column":0},"end":{"line":23,"column":21}},"18":{"start":{"line":25,"column":0},"end":{"line":25,"column":20}}},"fnMap":{"0":{"name":"(anonymous_0)","decl":{"start":{"line":14,"column":8},"end":{"line":14,"column":9}},"loc":{"start":{"line":14,"column":14},"end":{"line":16,"column":3}},"line":14}},"branchMap":{},"s":{"0":2,"1":2,"2":2,"3":2,"4":2,"5":2,"6":2,"7":2,"8":2,"9":2,"10":2,"11":2,"12":2,"13":2,"14":2,"15":2,"16":2,"17":2,"18":2},"f":{"0":2},"b":{},"_coverageSchema":"1a1c01bbd47fc00a2c39e90264f33305004495a9","hash":"f6839dc6b281b2f1ad9e1f0b6c36b39ececd48e3"}
,"C:\\Users\\Acer\\Projects\\Feedback App\\backend\\middlewares\\auth.js": {"path":"C:\\Users\\Acer\\Projects\\Feedback App\\backend\\middlewares\\auth.js","statementMap":{"0":{"start":{"line":1,"column":12},"end":{"line":1,"column":35}},"1":{"start":{"line":3,"column":13},"end":{"line":19,"column":1}},"2":{"start":{"line":5,"column":2},"end":{"line":15,"column":3}},"3":{"start":{"line":6,"column":4},"end":{"line":14,"column":5}},"4":{"start":{"line":7,"column":28},"end":{"line":7,"column":67}},"5":{"start":{"line":8,"column":21},"end":{"line":8,"column":63}},"6":{"start":{"line":9,"column":6},"end":{"line":11,"column":7}},"7":{"start":{"line":10,"column":8},"end":{"line":10,"column":25}},"8":{"start":{"line":13,"column":6},"end":{"line":13,"column":13}},"9":{"start":{"line":18,"column":2},"end":{"line":18,"column":8}},"10":{"start":{"line":21,"column":0},"end":{"line":21,"column":21}}},"fnMap":{"0":{"name":"(anonymous_0)","decl":{"start":{"line":3,"column":13},"end":{"line":3,"column":14}},"loc":{"start":{"line":3,"column":45},"end":{"line":19,"column":1}},"line":3}},"branchMap":{"0":{"loc":{"start":{"line":5,"column":2},"end":{"line":15,"column":3}},"type":"if","locations":[{"start":{"line":5,"column":2},"end":{"line":15,"column":3}},{"start":{},"end":{}}],"line":5},"1":{"loc":{"start":{"line":9,"column":6},"end":{"line":11,"column":7}},"type":"if","locations":[{"start":{"line":9,"column":6},"end":{"line":11,"column":7}},{"start":{},"end":{}}],"line":9}},"s":{"0":2,"1":2,"2":21,"3":12,"4":12,"5":12,"6":12,"7":12,"8":0,"9":21,"10":2},"f":{"0":21},"b":{"0":[12,9],"1":[12,0]},"_coverageSchema":"1a1c01bbd47fc00a2c39e90264f33305004495a9","hash":"c9086e6f4e16842105c2570cec6e4fac6f43b136"}
,"C:\\Users\\Acer\\Projects\\Feedback App\\backend\\middlewares\\errorHandler.js": {"path":"C:\\Users\\Acer\\Projects\\Feedback App\\backend\\middlewares\\errorHandler.js","statementMap":{"0":{"start":{"line":1,"column":21},"end":{"line":13,"column":1}},"1":{"start":{"line":3,"column":2},"end":{"line":11,"column":3}},"2":{"start":{"line":4,"column":4},"end":{"line":4,"column":71}},"3":{"start":{"line":5,"column":9},"end":{"line":11,"column":3}},"4":{"start":{"line":6,"column":4},"end":{"line":6,"column":61}},"5":{"start":{"line":7,"column":9},"end":{"line":11,"column":3}},"6":{"start":{"line":8,"column":4},"end":{"line":8,"column":50}},"7":{"start":{"line":10,"column":4},"end":{"line":10,"column":25}},"8":{"start":{"line":12,"column":2},"end":{"line":12,"column":8}},"9":{"start":{"line":15,"column":0},"end":{"line":15,"column":29}}},"fnMap":{"0":{"name":"(anonymous_0)","decl":{"start":{"line":1,"column":21},"end":{"line":1,"column":22}},"loc":{"start":{"line":1,"column":46},"end":{"line":13,"column":1}},"line":1}},"branchMap":{"0":{"loc":{"start":{"line":3,"column":2},"end":{"line":11,"column":3}},"type":"if","locations":[{"start":{"line":3,"column":2},"end":{"line":11,"column":3}},{"start":{"line":5,"column":9},"end":{"line":11,"column":3}}],"line":3},"1":{"loc":{"start":{"line":5,"column":9},"end":{"line":11,"column":3}},"type":"if","locations":[{"start":{"line":5,"column":9},"end":{"line":11,"column":3}},{"start":{"line":7,"column":9},"end":{"line":11,"column":3}}],"line":5},"2":{"loc":{"start":{"line":7,"column":9},"end":{"line":11,"column":3}},"type":"if","locations":[{"start":{"line":7,"column":9},"end":{"line":11,"column":3}},{"start":{"line":9,"column":9},"end":{"line":11,"column":3}}],"line":7}},"s":{"0":2,"1":3,"2":0,"3":3,"4":1,"5":2,"6":2,"7":0,"8":3,"9":2},"f":{"0":3},"b":{"0":[0,3],"1":[1,2],"2":[2,0]},"_coverageSchema":"1a1c01bbd47fc00a2c39e90264f33305004495a9","hash":"5e9a12c417ad2503b483089b51f27f21642130da"}
,"C:\\Users\\Acer\\Projects\\Feedback App\\backend\\models\\feedback.js": {"path":"C:\\Users\\Acer\\Projects\\Feedback App\\backend\\models\\feedback.js","statementMap":{"0":{"start":{"line":1,"column":17},"end":{"line":1,"column":36}},"1":{"start":{"line":2,"column":15},"end":{"line":2,"column":30}},"2":{"start":{"line":4,"column":20},"end":{"line":8,"column":2}},"3":{"start":{"line":10,"column":22},"end":{"line":18,"column":2}},"4":{"start":{"line":20,"column":23},"end":{"line":31,"column":2}},"5":{"start":{"line":33,"column":0},"end":{"line":33,"column":59}}},"fnMap":{},"branchMap":{},"s":{"0":2,"1":2,"2":2,"3":2,"4":2,"5":2},"f":{},"b":{},"_coverageSchema":"1a1c01bbd47fc00a2c39e90264f33305004495a9","hash":"2f57fdd9dd0a72da1982aa1da7dcd59dc24eec47"}
,"C:\\Users\\Acer\\Projects\\Feedback App\\backend\\models\\user.js": {"path":"C:\\Users\\Acer\\Projects\\Feedback App\\backend\\models\\user.js","statementMap":{"0":{"start":{"line":1,"column":17},"end":{"line":1,"column":36}},"1":{"start":{"line":2,"column":19},"end":{"line":15,"column":2}},"2":{"start":{"line":17,"column":0},"end":{"line":17,"column":52}}},"fnMap":{},"branchMap":{},"s":{"0":2,"1":2,"2":2},"f":{},"b":{},"_coverageSchema":"1a1c01bbd47fc00a2c39e90264f33305004495a9","hash":"9a67e1e911f73fdab714f2d04dc70d93ca7438cb"}
,"C:\\Users\\Acer\\Projects\\Feedback App\\backend\\routes\\feedback.js": {"path":"C:\\Users\\Acer\\Projects\\Feedback App\\backend\\routes\\feedback.js","statementMap":{"0":{"start":{"line":1,"column":17},"end":{"line":1,"column":46}},"1":{"start":{"line":2,"column":16},"end":{"line":2,"column":34}},"2":{"start":{"line":3,"column":13},"end":{"line":3,"column":29}},"3":{"start":{"line":5,"column":0},"end":{"line":8,"column":2}},"4":{"start":{"line":6,"column":20},"end":{"line":6,"column":103}},"5":{"start":{"line":7,"column":2},"end":{"line":7,"column":33}},"6":{"start":{"line":10,"column":0},"end":{"line":42,"column":2}},"7":{"start":{"line":11,"column":38},"end":{"line":11,"column":48}},"8":{"start":{"line":12,"column":15},"end":{"line":12,"column":23}},"9":{"start":{"line":13,"column":2},"end":{"line":41,"column":3}},"10":{"start":{"line":14,"column":4},"end":{"line":14,"column":77}},"11":{"start":{"line":17,"column":4},"end":{"line":21,"column":5}},"12":{"start":{"line":18,"column":22},"end":{"line":18,"column":40}},"13":{"start":{"line":19,"column":6},"end":{"line":19,"column":26}},"14":{"start":{"line":20,"column":6},"end":{"line":20,"column":45}},"15":{"start":{"line":24,"column":4},"end":{"line":40,"column":5}},"16":{"start":{"line":25,"column":23},"end":{"line":25,"column":54}},"17":{"start":{"line":26,"column":6},"end":{"line":28,"column":8}},"18":{"start":{"line":30,"column":6},"end":{"line":30,"column":43}},"19":{"start":{"line":33,"column":11},"end":{"line":40,"column":5}},"20":{"start":{"line":34,"column":23},"end":{"line":34,"column":54}},"21":{"start":{"line":35,"column":6},"end":{"line":37,"column":7}},"22":{"start":{"line":38,"column":6},"end":{"line":38,"column":27}},"23":{"start":{"line":39,"column":6},"end":{"line":39,"column":41}},"24":{"start":{"line":44,"column":0},"end":{"line":75,"column":2}},"25":{"start":{"line":45,"column":15},"end":{"line":45,"column":23}},"26":{"start":{"line":46,"column":27},"end":{"line":46,"column":37}},"27":{"start":{"line":48,"column":2},"end":{"line":53,"column":3}},"28":{"start":{"line":49,"column":18},"end":{"line":49,"column":45}},"29":{"start":{"line":50,"column":4},"end":{"line":50,"column":22}},"30":{"start":{"line":51,"column":4},"end":{"line":51,"column":15}},"31":{"start":{"line":52,"column":4},"end":{"line":52,"column":10}},"32":{"start":{"line":56,"column":2},"end":{"line":74,"column":3}},"33":{"start":{"line":57,"column":21},"end":{"line":57,"column":52}},"34":{"start":{"line":58,"column":4},"end":{"line":60,"column":6}},"35":{"start":{"line":61,"column":4},"end":{"line":61,"column":43}},"36":{"start":{"line":64,"column":9},"end":{"line":74,"column":3}},"37":{"start":{"line":65,"column":4},"end":{"line":72,"column":5}},"38":{"start":{"line":66,"column":6},"end":{"line":66,"column":79}},"39":{"start":{"line":68,"column":6},"end":{"line":70,"column":8}},"40":{"start":{"line":71,"column":6},"end":{"line":71,"column":45}},"41":{"start":{"line":77,"column":0},"end":{"line":119,"column":2}},"42":{"start":{"line":78,"column":47},"end":{"line":78,"column":57}},"43":{"start":{"line":79,"column":2},"end":{"line":84,"column":3}},"44":{"start":{"line":80,"column":18},"end":{"line":80,"column":58}},"45":{"start":{"line":81,"column":4},"end":{"line":81,"column":22}},"46":{"start":{"line":82,"column":4},"end":{"line":82,"column":15}},"47":{"start":{"line":83,"column":4},"end":{"line":83,"column":10}},"48":{"start":{"line":86,"column":2},"end":{"line":118,"column":3}},"49":{"start":{"line":87,"column":4},"end":{"line":87,"column":44}},"50":{"start":{"line":88,"column":4},"end":{"line":88,"column":46}},"51":{"start":{"line":90,"column":9},"end":{"line":118,"column":3}},"52":{"start":{"line":91,"column":4},"end":{"line":94,"column":5}},"53":{"start":{"line":92,"column":6},"end":{"line":92,"column":59}},"54":{"start":{"line":93,"column":6},"end":{"line":93,"column":12}},"55":{"start":{"line":95,"column":21},"end":{"line":95,"column":52}},"56":{"start":{"line":96,"column":4},"end":{"line":98,"column":5}},"57":{"start":{"line":97,"column":6},"end":{"line":97,"column":30}},"58":{"start":{"line":99,"column":4},"end":{"line":99,"column":19}},"59":{"start":{"line":100,"column":4},"end":{"line":100,"column":54}},"60":{"start":{"line":103,"column":9},"end":{"line":118,"column":3}},"61":{"start":{"line":104,"column":4},"end":{"line":107,"column":5}},"62":{"start":{"line":105,"column":6},"end":{"line":105,"column":57}},"63":{"start":{"line":106,"column":6},"end":{"line":106,"column":12}},"64":{"start":{"line":108,"column":21},"end":{"line":108,"column":52}},"65":{"start":{"line":109,"column":23},"end":{"line":111,"column":6}},"66":{"start":{"line":110,"column":6},"end":{"line":110,"column":33}},"67":{"start":{"line":113,"column":4},"end":{"line":113,"column":56}},"68":{"start":{"line":115,"column":4},"end":{"line":115,"column":19}},"69":{"start":{"line":116,"column":4},"end":{"line":116,"column":52}},"70":{"start":{"line":121,"column":0},"end":{"line":121,"column":23}}},"fnMap":{"0":{"name":"(anonymous_0)","decl":{"start":{"line":5,"column":16},"end":{"line":5,"column":17}},"loc":{"start":{"line":5,"column":41},"end":{"line":8,"column":1}},"line":5},"1":{"name":"(anonymous_1)","decl":{"start":{"line":10,"column":44},"end":{"line":10,"column":45}},"loc":{"start":{"line":10,"column":69},"end":{"line":42,"column":1}},"line":10},"2":{"name":"(anonymous_2)","decl":{"start":{"line":44,"column":29},"end":{"line":44,"column":30}},"loc":{"start":{"line":44,"column":60},"end":{"line":75,"column":1}},"line":44},"3":{"name":"(anonymous_3)","decl":{"start":{"line":77,"column":54},"end":{"line":77,"column":55}},"loc":{"start":{"line":77,"column":85},"end":{"line":119,"column":1}},"line":77},"4":{"name":"(anonymous_4)","decl":{"start":{"line":96,"column":49},"end":{"line":96,"column":50}},"loc":{"start":{"line":97,"column":6},"end":{"line":97,"column":30}},"line":97},"5":{"name":"(anonymous_5)","decl":{"start":{"line":109,"column":70},"end":{"line":109,"column":71}},"loc":{"start":{"line":109,"column":81},"end":{"line":111,"column":5}},"line":109}},"branchMap":{"0":{"loc":{"start":{"line":13,"column":2},"end":{"line":41,"column":3}},"type":"if","locations":[{"start":{"line":13,"column":2},"end":{"line":41,"column":3}},{"start":{"line":15,"column":9},"end":{"line":41,"column":3}}],"line":13},"1":{"loc":{"start":{"line":17,"column":4},"end":{"line":21,"column":5}},"type":"if","locations":[{"start":{"line":17,"column":4},"end":{"line":21,"column":5}},{"start":{},"end":{}}],"line":17},"2":{"loc":{"start":{"line":24,"column":4},"end":{"line":40,"column":5}},"type":"if","locations":[{"start":{"line":24,"column":4},"end":{"line":40,"column":5}},{"start":{"line":33,"column":11},"end":{"line":40,"column":5}}],"line":24},"3":{"loc":{"start":{"line":33,"column":11},"end":{"line":40,"column":5}},"type":"if","locations":[{"start":{"line":33,"column":11},"end":{"line":40,"column":5}},{"start":{},"end":{}}],"line":33},"4":{"loc":{"start":{"line":48,"column":2},"end":{"line":53,"column":3}},"type":"if","locations":[{"start":{"line":48,"column":2},"end":{"line":53,"column":3}},{"start":{},"end":{}}],"line":48},"5":{"loc":{"start":{"line":56,"column":2},"end":{"line":74,"column":3}},"type":"if","locations":[{"start":{"line":56,"column":2},"end":{"line":74,"column":3}},{"start":{"line":64,"column":9},"end":{"line":74,"column":3}}],"line":56},"6":{"loc":{"start":{"line":64,"column":9},"end":{"line":74,"column":3}},"type":"if","locations":[{"start":{"line":64,"column":9},"end":{"line":74,"column":3}},{"start":{},"end":{}}],"line":64},"7":{"loc":{"start":{"line":65,"column":4},"end":{"line":72,"column":5}},"type":"if","locations":[{"start":{"line":65,"column":4},"end":{"line":72,"column":5}},{"start":{"line":67,"column":11},"end":{"line":72,"column":5}}],"line":65},"8":{"loc":{"start":{"line":79,"column":2},"end":{"line":84,"column":3}},"type":"if","locations":[{"start":{"line":79,"column":2},"end":{"line":84,"column":3}},{"start":{},"end":{}}],"line":79},"9":{"loc":{"start":{"line":86,"column":2},"end":{"line":118,"column":3}},"type":"if","locations":[{"start":{"line":86,"column":2},"end":{"line":118,"column":3}},{"start":{"line":90,"column":9},"end":{"line":118,"column":3}}],"line":86},"10":{"loc":{"start":{"line":90,"column":9},"end":{"line":118,"column":3}},"type":"if","locations":[{"start":{"line":90,"column":9},"end":{"line":118,"column":3}},{"start":{"line":103,"column":9},"end":{"line":118,"column":3}}],"line":90},"11":{"loc":{"start":{"line":91,"column":4},"end":{"line":94,"column":5}},"type":"if","locations":[{"start":{"line":91,"column":4},"end":{"line":94,"column":5}},{"start":{},"end":{}}],"line":91},"12":{"loc":{"start":{"line":103,"column":9},"end":{"line":118,"column":3}},"type":"if","locations":[{"start":{"line":103,"column":9},"end":{"line":118,"column":3}},{"start":{},"end":{}}],"line":103},"13":{"loc":{"start":{"line":104,"column":4},"end":{"line":107,"column":5}},"type":"if","locations":[{"start":{"line":104,"column":4},"end":{"line":107,"column":5}},{"start":{},"end":{}}],"line":104}},"s":{"0":2,"1":2,"2":2,"3":2,"4":1,"5":1,"6":2,"7":4,"8":4,"9":4,"10":1,"11":3,"12":1,"13":1,"14":1,"15":3,"16":1,"17":1,"18":1,"19":2,"20":1,"21":1,"22":1,"23":1,"24":2,"25":4,"26":4,"27":4,"28":1,"29":1,"30":1,"31":1,"32":3,"33":1,"34":1,"35":1,"36":2,"37":2,"38":1,"39":1,"40":1,"41":2,"42":6,"43":6,"44":1,"45":1,"46":1,"47":1,"48":5,"49":1,"50":1,"51":4,"52":2,"53":1,"54":1,"55":1,"56":1,"57":1,"58":1,"59":1,"60":2,"61":2,"62":1,"63":1,"64":1,"65":1,"66":1,"67":1,"68":1,"69":1,"70":2},"f":{"0":1,"1":4,"2":4,"3":6,"4":1,"5":1},"b":{"0":[1,3],"1":[1,2],"2":[1,2],"3":[1,1],"4":[1,3],"5":[1,2],"6":[2,0],"7":[1,1],"8":[1,5],"9":[1,4],"10":[2,2],"11":[1,1],"12":[2,0],"13":[1,1]},"_coverageSchema":"1a1c01bbd47fc00a2c39e90264f33305004495a9","hash":"5e9dda0d2206c8e791fcbae9f8a1af900be348b2"}
,"C:\\Users\\Acer\\Projects\\Feedback App\\backend\\routes\\user.js": {"path":"C:\\Users\\Acer\\Projects\\Feedback App\\backend\\routes\\user.js","statementMap":{"0":{"start":{"line":1,"column":16},"end":{"line":1,"column":34}},"1":{"start":{"line":2,"column":15},"end":{"line":2,"column":32}},"2":{"start":{"line":3,"column":12},"end":{"line":3,"column":35}},"3":{"start":{"line":4,"column":16},"end":{"line":4,"column":33}},"4":{"start":{"line":5,"column":13},"end":{"line":5,"column":28}},"5":{"start":{"line":7,"column":13},"end":{"line":7,"column":38}},"6":{"start":{"line":9,"column":15},"end":{"line":9,"column":31}},"7":{"start":{"line":12,"column":16},"end":{"line":19,"column":2}},"8":{"start":{"line":14,"column":4},"end":{"line":14,"column":64}},"9":{"start":{"line":17,"column":4},"end":{"line":17,"column":58}},"10":{"start":{"line":21,"column":15},"end":{"line":24,"column":2}},"11":{"start":{"line":26,"column":0},"end":{"line":52,"column":2}},"12":{"start":{"line":27,"column":2},"end":{"line":51,"column":3}},"13":{"start":{"line":28,"column":17},"end":{"line":28,"column":25}},"14":{"start":{"line":29,"column":24},"end":{"line":29,"column":66}},"15":{"start":{"line":31,"column":17},"end":{"line":31,"column":31}},"16":{"start":{"line":32,"column":26},"end":{"line":34,"column":12}},"17":{"start":{"line":37,"column":4},"end":{"line":48,"column":5}},"18":{"start":{"line":38,"column":20},"end":{"line":43,"column":47}},"19":{"start":{"line":45,"column":6},"end":{"line":45,"column":35}},"20":{"start":{"line":47,"column":6},"end":{"line":47,"column":68}},"21":{"start":{"line":50,"column":4},"end":{"line":50,"column":11}},"22":{"start":{"line":55,"column":0},"end":{"line":79,"column":2}},"23":{"start":{"line":57,"column":15},"end":{"line":57,"column":40}},"24":{"start":{"line":60,"column":2},"end":{"line":78,"column":3}},"25":{"start":{"line":61,"column":17},"end":{"line":61,"column":41}},"26":{"start":{"line":62,"column":21},"end":{"line":62,"column":59}},"27":{"start":{"line":63,"column":20},"end":{"line":66,"column":6}},"28":{"start":{"line":67,"column":22},"end":{"line":67,"column":42}},"29":{"start":{"line":68,"column":18},"end":{"line":73,"column":45}},"30":{"start":{"line":75,"column":4},"end":{"line":75,"column":33}},"31":{"start":{"line":77,"column":4},"end":{"line":77,"column":11}},"32":{"start":{"line":81,"column":0},"end":{"line":81,"column":23}}},"fnMap":{"0":{"name":"(anonymous_0)","decl":{"start":{"line":13,"column":15},"end":{"line":13,"column":16}},"loc":{"start":{"line":13,"column":40},"end":{"line":15,"column":3}},"line":13},"1":{"name":"(anonymous_1)","decl":{"start":{"line":16,"column":12},"end":{"line":16,"column":13}},"loc":{"start":{"line":16,"column":37},"end":{"line":18,"column":3}},"line":16},"2":{"name":"(anonymous_2)","decl":{"start":{"line":26,"column":22},"end":{"line":26,"column":23}},"loc":{"start":{"line":26,"column":42},"end":{"line":52,"column":1}},"line":26},"3":{"name":"(anonymous_3)","decl":{"start":{"line":55,"column":54},"end":{"line":55,"column":55}},"loc":{"start":{"line":55,"column":80},"end":{"line":79,"column":1}},"line":55}},"branchMap":{"0":{"loc":{"start":{"line":32,"column":26},"end":{"line":34,"column":12}},"type":"cond-expr","locations":[{"start":{"line":33,"column":8},"end":{"line":33,"column":58}},{"start":{"line":34,"column":8},"end":{"line":34,"column":12}}],"line":32},"1":{"loc":{"start":{"line":37,"column":4},"end":{"line":48,"column":5}},"type":"if","locations":[{"start":{"line":37,"column":4},"end":{"line":48,"column":5}},{"start":{"line":46,"column":11},"end":{"line":48,"column":5}}],"line":37},"2":{"loc":{"start":{"line":37,"column":7},"end":{"line":37,"column":28}},"type":"binary-expr","locations":[{"start":{"line":37,"column":7},"end":{"line":37,"column":11}},{"start":{"line":37,"column":15},"end":{"line":37,"column":28}}],"line":37}},"s":{"0":2,"1":2,"2":2,"3":2,"4":2,"5":2,"6":2,"7":2,"8":4,"9":4,"10":2,"11":2,"12":2,"13":2,"14":2,"15":2,"16":2,"17":2,"18":1,"19":1,"20":1,"21":0,"22":2,"23":4,"24":4,"25":4,"26":4,"27":4,"28":4,"29":3,"30":3,"31":1,"32":2},"f":{"0":4,"1":4,"2":2,"3":4},"b":{"0":[1,1],"1":[1,1],"2":[2,1]},"_coverageSchema":"1a1c01bbd47fc00a2c39e90264f33305004495a9","hash":"3e8986db94084dbbc27c71fb20421504fbb8d146"}
,"C:\\Users\\Acer\\Projects\\Feedback App\\backend\\tests\\helper\\helper.js": {"path":"C:\\Users\\Acer\\Projects\\Feedback App\\backend\\tests\\helper\\helper.js","statementMap":{"0":{"start":{"line":1,"column":17},"end":{"line":7,"column":1}},"1":{"start":{"line":9,"column":18},"end":{"line":15,"column":1}},"2":{"start":{"line":17,"column":13},"end":{"line":19,"column":1}},"3":{"start":{"line":21,"column":14},"end":{"line":24,"column":1}},"4":{"start":{"line":26,"column":17},"end":{"line":32,"column":1}},"5":{"start":{"line":34,"column":0},"end":{"line":34,"column":63}}},"fnMap":{},"branchMap":{},"s":{"0":2,"1":2,"2":2,"3":2,"4":2,"5":2},"f":{},"b":{},"_coverageSchema":"1a1c01bbd47fc00a2c39e90264f33305004495a9","hash":"99849f38fc65ece0dc02847d8f8b348eed63f643"}
,"C:\\Users\\Acer\\Projects\\Feedback App\\backend\\utils\\config.js": {"path":"C:\\Users\\Acer\\Projects\\Feedback App\\backend\\utils\\config.js","statementMap":{"0":{"start":{"line":1,"column":12},"end":{"line":3,"column":32}},"1":{"start":{"line":5,"column":0},"end":{"line":5,"column":22}}},"fnMap":{},"branchMap":{"0":{"loc":{"start":{"line":1,"column":12},"end":{"line":3,"column":32}},"type":"cond-expr","locations":[{"start":{"line":2,"column":4},"end":{"line":2,"column":32}},{"start":{"line":3,"column":4},"end":{"line":3,"column":32}}],"line":1}},"s":{"0":2,"1":2},"f":{},"b":{"0":[2,0]},"_coverageSchema":"1a1c01bbd47fc00a2c39e90264f33305004495a9","hash":"40c0b8a4a4b2577390e090212a189f0073288c4e"}
,"C:\\Users\\Acer\\Projects\\Feedback App\\backend\\utils\\logger.js": {"path":"C:\\Users\\Acer\\Projects\\Feedback App\\backend\\utils\\logger.js","statementMap":{"0":{"start":{"line":1,"column":13},"end":{"line":5,"column":1}},"1":{"start":{"line":2,"column":2},"end":{"line":4,"column":3}},"2":{"start":{"line":3,"column":4},"end":{"line":3,"column":20}},"3":{"start":{"line":7,"column":14},"end":{"line":11,"column":1}},"4":{"start":{"line":8,"column":2},"end":{"line":10,"column":3}},"5":{"start":{"line":9,"column":4},"end":{"line":9,"column":22}},"6":{"start":{"line":13,"column":0},"end":{"line":13,"column":32}}},"fnMap":{"0":{"name":"(anonymous_0)","decl":{"start":{"line":1,"column":13},"end":{"line":1,"column":14}},"loc":{"start":{"line":1,"column":22},"end":{"line":5,"column":1}},"line":1},"1":{"name":"(anonymous_1)","decl":{"start":{"line":7,"column":14},"end":{"line":7,"column":15}},"loc":{"start":{"line":7,"column":25},"end":{"line":11,"column":1}},"line":7}},"branchMap":{"0":{"loc":{"start":{"line":2,"column":2},"end":{"line":4,"column":3}},"type":"if","locations":[{"start":{"line":2,"column":2},"end":{"line":4,"column":3}},{"start":{},"end":{}}],"line":2},"1":{"loc":{"start":{"line":8,"column":2},"end":{"line":10,"column":3}},"type":"if","locations":[{"start":{"line":8,"column":2},"end":{"line":10,"column":3}},{"start":{},"end":{}}],"line":8}},"s":{"0":2,"1":2,"2":0,"3":2,"4":0,"5":0,"6":2},"f":{"0":2,"1":0},"b":{"0":[0,2],"1":[0,0]},"_coverageSchema":"1a1c01bbd47fc00a2c39e90264f33305004495a9","hash":"ee5ad797276cd5d583645dc6cdd744c50c28a0b9"}
}
