TN:
SF:app.js
FN:14,(anonymous_0)
FNF:1
FNH:1
FNDA:2,(anonymous_0)
DA:1,2
DA:2,2
DA:4,2
DA:5,2
DA:6,2
DA:7,2
DA:8,2
DA:9,2
DA:10,2
DA:11,2
DA:13,2
DA:15,2
DA:18,2
DA:19,2
DA:20,2
DA:21,2
DA:22,2
DA:23,2
DA:25,2
LF:19
LH:19
BRF:0
BRH:0
end_of_record
TN:
SF:middlewares\auth.js
FN:3,(anonymous_0)
FNF:1
FNH:1
FNDA:21,(anonymous_0)
DA:1,2
DA:3,2
DA:5,21
DA:6,12
DA:7,12
DA:8,12
DA:9,12
DA:10,12
DA:13,0
DA:18,21
DA:21,2
LF:11
LH:10
BRDA:5,0,0,12
BRDA:5,0,1,9
BRDA:9,1,0,12
BRDA:9,1,1,0
BRF:4
BRH:3
end_of_record
TN:
SF:middlewares\errorHandler.js
FN:1,(anonymous_0)
FNF:1
FNH:1
FNDA:3,(anonymous_0)
DA:1,2
DA:3,3
DA:4,0
DA:5,3
DA:6,1
DA:7,2
DA:8,2
DA:10,0
DA:12,3
DA:15,2
LF:10
LH:8
BRDA:3,0,0,0
BRDA:3,0,1,3
BRDA:5,1,0,1
BRDA:5,1,1,2
BRDA:7,2,0,2
BRDA:7,2,1,0
BRF:6
BRH:4
end_of_record
TN:
SF:models\feedback.js
FNF:0
FNH:0
DA:1,2
DA:2,2
DA:4,2
DA:10,2
DA:20,2
DA:33,2
LF:6
LH:6
BRF:0
BRH:0
end_of_record
TN:
SF:models\user.js
FNF:0
FNH:0
DA:1,2
DA:2,2
DA:17,2
LF:3
LH:3
BRF:0
BRH:0
end_of_record
TN:
SF:routes\feedback.js
FN:5,(anonymous_0)
FN:10,(anonymous_1)
FN:44,(anonymous_2)
FN:77,(anonymous_3)
FN:96,(anonymous_4)
FN:109,(anonymous_5)
FNF:6
FNH:6
FNDA:1,(anonymous_0)
FNDA:4,(anonymous_1)
FNDA:4,(anonymous_2)
FNDA:6,(anonymous_3)
FNDA:1,(anonymous_4)
FNDA:1,(anonymous_5)
DA:1,2
DA:2,2
DA:3,2
DA:5,2
DA:6,1
DA:7,1
DA:10,2
DA:11,4
DA:12,4
DA:13,4
DA:14,1
DA:17,3
DA:18,1
DA:19,1
DA:20,1
DA:24,3
DA:25,1
DA:26,1
DA:30,1
DA:33,2
DA:34,1
DA:35,1
DA:38,1
DA:39,1
DA:44,2
DA:45,4
DA:46,4
DA:48,4
DA:49,1
DA:50,1
DA:51,1
DA:52,1
DA:56,3
DA:57,1
DA:58,1
DA:61,1
DA:64,2
DA:65,2
DA:66,1
DA:68,1
DA:71,1
DA:77,2
DA:78,6
DA:79,6
DA:80,1
DA:81,1
DA:82,1
DA:83,1
DA:86,5
DA:87,1
DA:88,1
DA:90,4
DA:91,2
DA:92,1
DA:93,1
DA:95,1
DA:96,1
DA:97,1
DA:99,1
DA:100,1
DA:103,2
DA:104,2
DA:105,1
DA:106,1
DA:108,1
DA:109,1
DA:110,1
DA:113,1
DA:115,1
DA:116,1
DA:121,2
LF:71
LH:71
BRDA:13,0,0,1
BRDA:13,0,1,3
BRDA:17,1,0,1
BRDA:17,1,1,2
BRDA:24,2,0,1
BRDA:24,2,1,2
BRDA:33,3,0,1
BRDA:33,3,1,1
BRDA:48,4,0,1
BRDA:48,4,1,3
BRDA:56,5,0,1
BRDA:56,5,1,2
BRDA:64,6,0,2
BRDA:64,6,1,0
BRDA:65,7,0,1
BRDA:65,7,1,1
BRDA:79,8,0,1
BRDA:79,8,1,5
BRDA:86,9,0,1
BRDA:86,9,1,4
BRDA:90,10,0,2
BRDA:90,10,1,2
BRDA:91,11,0,1
BRDA:91,11,1,1
BRDA:103,12,0,2
BRDA:103,12,1,0
BRDA:104,13,0,1
BRDA:104,13,1,1
BRF:28
BRH:26
end_of_record
TN:
SF:routes\user.js
FN:13,(anonymous_0)
FN:16,(anonymous_1)
FN:26,(anonymous_2)
FN:55,(anonymous_3)
FNF:4
FNH:4
FNDA:4,(anonymous_0)
FNDA:4,(anonymous_1)
FNDA:2,(anonymous_2)
FNDA:4,(anonymous_3)
DA:1,2
DA:2,2
DA:3,2
DA:4,2
DA:5,2
DA:7,2
DA:9,2
DA:12,2
DA:14,4
DA:17,4
DA:21,2
DA:26,2
DA:27,2
DA:28,2
DA:29,2
DA:31,2
DA:32,2
DA:37,2
DA:38,1
DA:45,1
DA:47,1
DA:50,0
DA:55,2
DA:57,4
DA:60,4
DA:61,4
DA:62,4
DA:63,4
DA:67,4
DA:68,3
DA:75,3
DA:77,1
DA:81,2
LF:33
LH:32
BRDA:32,0,0,1
BRDA:32,0,1,1
BRDA:37,1,0,1
BRDA:37,1,1,1
BRDA:37,2,0,2
BRDA:37,2,1,1
BRF:6
BRH:6
end_of_record
TN:
SF:tests\helper\helper.js
FNF:0
FNH:0
DA:1,2
DA:9,2
DA:17,2
DA:21,2
DA:26,2
DA:34,2
LF:6
LH:6
BRF:0
BRH:0
end_of_record
TN:
SF:utils\config.js
FNF:0
FNH:0
DA:1,2
DA:5,2
LF:2
LH:2
BRDA:1,0,0,2
BRDA:1,0,1,0
BRF:2
BRH:1
end_of_record
TN:
SF:utils\logger.js
FN:1,(anonymous_0)
FN:7,(anonymous_1)
FNF:2
FNH:1
FNDA:2,(anonymous_0)
FNDA:0,(anonymous_1)
DA:1,2
DA:2,2
DA:3,0
DA:7,2
DA:8,0
DA:9,0
DA:13,2
LF:7
LH:4
BRDA:2,0,0,0
BRDA:2,0,1,2
BRDA:8,1,0,0
BRDA:8,1,1,0
BRF:4
BRH:1
end_of_record
